mode: atomic
github.com/disiqueira/gotree/v3/gotree.go:43.28,48.2 1 145
github.com/disiqueira/gotree/v3/gotree.go:53.38,57.2 3 119
github.com/disiqueira/gotree/v3/gotree.go:61.35,62.17 1 3
github.com/disiqueira/gotree/v3/gotree.go:62.17,64.3 1 1
github.com/disiqueira/gotree/v3/gotree.go:65.2,65.33 1 2
github.com/disiqueira/gotree/v3/gotree.go:69.30,71.2 1 147
github.com/disiqueira/gotree/v3/gotree.go:74.31,76.2 1 238
github.com/disiqueira/gotree/v3/gotree.go:79.31,81.2 1 6
github.com/disiqueira/gotree/v3/gotree.go:83.27,85.2 1 6
github.com/disiqueira/gotree/v3/gotree.go:88.40,97.2 6 6
github.com/disiqueira/gotree/v3/gotree.go:99.75,107.31 3 117
github.com/disiqueira/gotree/v3/gotree.go:107.31,108.12 1 4961
github.com/disiqueira/gotree/v3/gotree.go:108.12,110.4 1 4953
github.com/disiqueira/gotree/v3/gotree.go:110.9,112.4 1 8
github.com/disiqueira/gotree/v3/gotree.go:114.2,117.10 3 117
github.com/disiqueira/gotree/v3/gotree.go:117.10,119.3 1 108
github.com/disiqueira/gotree/v3/gotree.go:122.2,126.23 4 117
github.com/disiqueira/gotree/v3/gotree.go:126.23,128.13 2 122
github.com/disiqueira/gotree/v3/gotree.go:128.13,133.12 5 117
github.com/disiqueira/gotree/v3/gotree.go:135.3,135.11 1 5
github.com/disiqueira/gotree/v3/gotree.go:135.11,137.4 1 2
github.com/disiqueira/gotree/v3/gotree.go:137.9,139.4 1 3
github.com/disiqueira/gotree/v3/gotree.go:140.3,143.31 4 5
github.com/disiqueira/gotree/v3/gotree.go:146.2,146.25 1 117
github.com/disiqueira/gotree/v3/gotree.go:149.62,150.17 1 110
github.com/disiqueira/gotree/v3/gotree.go:150.17,152.3 1 2
github.com/disiqueira/gotree/v3/gotree.go:154.2,160.22 3 108
github.com/disiqueira/gotree/v3/gotree.go:160.22,163.25 3 117
github.com/disiqueira/gotree/v3/gotree.go:163.25,166.4 2 104
github.com/disiqueira/gotree/v3/gotree.go:168.2,168.25 1 108
